{"uuid":"7b04988a-06b3-4555-b76f-86e805bf860f","historyId":"6521099048e0c0a7f87041398d129bf8","testCaseId":"[engine:junit-platform-suite]/[suite:com.eBanking.runners.TestRunner]/[engine:cucumber]/[feature:classpath%3Afeatures%2FAddPayee.feature]/[scenario:3]","testCaseName":"Verify that the user can add a payee to the account.","labels":[{"name":"tag","value":"AddPayeeorbeneficiary"},{"name":"tag","value":"happy-path"},{"name":"tag","value":"Regression"},{"name":"junit.platform.uniqueid","value":"[engine:junit-platform-suite]/[suite:com.eBanking.runners.TestRunner]/[engine:cucumber]/[feature:classpath%3Afeatures%2FAddPayee.feature]/[scenario:3]"},{"name":"host","value":"DESKTOP-O5BDQNS"},{"name":"thread","value":"28920@DESKTOP-O5BDQNS.main(1)"},{"name":"framework","value":"junit-platform"},{"name":"language","value":"java"}],"links":[],"name":"Verify that the user can add a payee to the account.","status":"broken","statusDetails":{"known":false,"muted":false,"flaky":false,"message":"An exception occurred while getting text from element: By.xpath: //h1[text()='Dashboard']","trace":"java.lang.RuntimeException: An exception occurred while getting text from element: By.xpath: //h1[text()='Dashboard']\r\n\tat com.eBanking.ui.engine.Bot.getText(Bot.java:187)\r\n\tat com.eBanking.ui.pages.admin.AdminDashBoardPage.getAdminDashboardText(AdminDashBoardPage.java:31)\r\n\tat com.eBanking.stepDefinitions.AdminDashboardSteps.iShouldBeNavigatedToTheAdminDashBoardPage(AdminDashboardSteps.java:29)\r\n\tat âœ½.I should be navigated to the admin dashboard page(classpath:features/AddPayee.feature:18)\r\nCaused by: java.lang.RuntimeException: Element not visible: By.xpath: //h1[text()='Dashboard']\r\n\tat com.eBanking.ui.engine.SynchronizationManager.waitForTheElementToBeVisible(SynchronizationManager.java:34)\r\n\tat com.eBanking.ui.engine.Bot.getText(Bot.java:181)\r\n\t... 3 more\r\nCaused by: org.openqa.selenium.UnhandledAlertException: unexpected alert open: {Alert text : Invalid Details}\n  (Session info: chrome=140.0.7339.185): Invalid Details\nBuild info: version: '4.21.0', revision: '79ed462ef4'\nSystem info: os.name: 'Windows 11', os.arch: 'amd64', os.version: '10.0', java.version: '21.0.3'\nDriver info: org.openqa.selenium.chrome.ChromeDriver\nCommand: [3704d3f45ec4c3bc8841eb93d7e017f2, findElement {using=xpath, value=//h1[text()='Dashboard']}]\nCapabilities {acceptInsecureCerts: false, browserName: chrome, browserVersion: 140.0.7339.185, chrome: {chromedriverVersion: 140.0.7339.185 (eeea00e459e..., userDataDir: C:\\Users\\kumar\\AppData\\Loca...}, fedcm:accounts: true, goog:chromeOptions: {debuggerAddress: localhost:59142}, networkConnectionEnabled: false, pageLoadStrategy: eager, platformName: windows, proxy: Proxy(), se:cdp: ws://localhost:59142/devtoo..., se:cdpVersion: 140.0.7339.185, setWindowRect: true, strictFileInteractability: false, timeouts: {implicit: 0, pageLoad: 300000, script: 30000}, unhandledPromptBehavior: dismiss and notify, webauthn:extension:credBlob: true, webauthn:extension:largeBlob: true, webauthn:extension:minPinLength: true, webauthn:extension:prf: true, webauthn:virtualAuthenticators: true}\nSession ID: 3704d3f45ec4c3bc8841eb93d7e017f2\r\n\tat org.openqa.selenium.remote.codec.w3c.W3CHttpResponseCodec.decode(W3CHttpResponseCodec.java:136)\r\n\tat org.openqa.selenium.remote.codec.w3c.W3CHttpResponseCodec.decode(W3CHttpResponseCodec.java:50)\r\n\tat org.openqa.selenium.remote.HttpCommandExecutor.execute(HttpCommandExecutor.java:190)\r\n\tat org.openqa.selenium.remote.service.DriverCommandExecutor.invokeExecute(DriverCommandExecutor.java:216)\r\n\tat org.openqa.selenium.remote.service.DriverCommandExecutor.execute(DriverCommandExecutor.java:174)\r\n\tat org.openqa.selenium.remote.RemoteWebDriver.execute(RemoteWebDriver.java:518)\r\n\tat org.openqa.selenium.remote.ElementLocation$ElementFinder$2.findElement(ElementLocation.java:165)\r\n\tat org.openqa.selenium.remote.ElementLocation.findElement(ElementLocation.java:59)\r\n\tat org.openqa.selenium.remote.RemoteWebDriver.findElement(RemoteWebDriver.java:355)\r\n\tat org.openqa.selenium.remote.RemoteWebDriver.findElement(RemoteWebDriver.java:349)\r\n\tat org.openqa.selenium.support.ui.ExpectedConditions$7.apply(ExpectedConditions.java:194)\r\n\tat org.openqa.selenium.support.ui.ExpectedConditions$7.apply(ExpectedConditions.java:190)\r\n\tat org.openqa.selenium.support.ui.FluentWait.until(FluentWait.java:203)\r\n\tat com.eBanking.ui.engine.SynchronizationManager.waitForTheElementToBeVisible(SynchronizationManager.java:31)\r\n\t... 4 more\r\n"},"stage":"finished","description":"","steps":[],"attachments":[],"parameters":[],"start":1758519117459,"stop":1758519136359}