{"uuid":"bcf64e2c-6f88-419d-a1e0-f3627323b3ad","historyId":"ef666fc37ff0faa2d759eed5d5300f08","testCaseId":"[engine:junit-platform-suite]/[suite:com.eBanking.runners.TestRunner]/[engine:cucumber]/[feature:classpath%3Afeatures%2FAdminLogin.feature]/[scenario:4]","testCaseName":"Verify that the admin can log in  with valid username and password","labels":[{"name":"tag","value":"Regression"},{"name":"junit.platform.uniqueid","value":"[engine:junit-platform-suite]/[suite:com.eBanking.runners.TestRunner]/[engine:cucumber]/[feature:classpath%3Afeatures%2FAdminLogin.feature]/[scenario:4]"},{"name":"host","value":"DESKTOP-O5BDQNS"},{"name":"thread","value":"32412@DESKTOP-O5BDQNS.main(1)"},{"name":"framework","value":"junit-platform"},{"name":"language","value":"java"}],"links":[],"name":"Verify that the admin can log in  with valid username and password","status":"broken","statusDetails":{"known":false,"muted":false,"flaky":false,"message":"An exception occurred while getting text from element: By.xpath: //h1[text()='Dashboard']","trace":"java.lang.RuntimeException: An exception occurred while getting text from element: By.xpath: //h1[text()='Dashboard']\r\n\tat com.eBanking.ui.engine.Bot.getText(Bot.java:187)\r\n\tat com.eBanking.ui.pages.admin.AdminDashBoardPage.getAdminDashboardText(AdminDashBoardPage.java:31)\r\n\tat com.eBanking.stepDefinitions.AdminDashboardSteps.iShouldBeNavigatedToTheAdminDashBoardPage(AdminDashboardSteps.java:29)\r\n\tat âœ½.I should be navigated to the admin dashboard page(classpath:features/AdminLogin.feature:12)\r\nCaused by: java.lang.RuntimeException: Element not visible: By.xpath: //h1[text()='Dashboard']\r\n\tat com.eBanking.ui.engine.SynchronizationManager.waitForTheElementToBeVisible(SynchronizationManager.java:34)\r\n\tat com.eBanking.ui.engine.Bot.getText(Bot.java:181)\r\n\t... 3 more\r\nCaused by: org.openqa.selenium.UnhandledAlertException: unexpected alert open: {Alert text : Invalid Details}\n  (Session info: chrome=140.0.7339.185): Invalid Details\nBuild info: version: '4.21.0', revision: '79ed462ef4'\nSystem info: os.name: 'Windows 11', os.arch: 'amd64', os.version: '10.0', java.version: '21.0.3'\nDriver info: org.openqa.selenium.chrome.ChromeDriver\nCommand: [15949886b0ac95b2c17f49ecf83499c2, findElement {value=//h1[text()='Dashboard'], using=xpath}]\nCapabilities {acceptInsecureCerts: false, browserName: chrome, browserVersion: 140.0.7339.185, chrome: {chromedriverVersion: 140.0.7339.185 (eeea00e459e..., userDataDir: C:\\Users\\kumar\\AppData\\Loca...}, fedcm:accounts: true, goog:chromeOptions: {debuggerAddress: localhost:57826}, networkConnectionEnabled: false, pageLoadStrategy: eager, platformName: windows, proxy: Proxy(), se:cdp: ws://localhost:57826/devtoo..., se:cdpVersion: 140.0.7339.185, setWindowRect: true, strictFileInteractability: false, timeouts: {implicit: 0, pageLoad: 300000, script: 30000}, unhandledPromptBehavior: dismiss and notify, webauthn:extension:credBlob: true, webauthn:extension:largeBlob: true, webauthn:extension:minPinLength: true, webauthn:extension:prf: true, webauthn:virtualAuthenticators: true}\nSession ID: 15949886b0ac95b2c17f49ecf83499c2\r\n\tat org.openqa.selenium.remote.codec.w3c.W3CHttpResponseCodec.decode(W3CHttpResponseCodec.java:136)\r\n\tat org.openqa.selenium.remote.codec.w3c.W3CHttpResponseCodec.decode(W3CHttpResponseCodec.java:50)\r\n\tat org.openqa.selenium.remote.HttpCommandExecutor.execute(HttpCommandExecutor.java:190)\r\n\tat org.openqa.selenium.remote.service.DriverCommandExecutor.invokeExecute(DriverCommandExecutor.java:216)\r\n\tat org.openqa.selenium.remote.service.DriverCommandExecutor.execute(DriverCommandExecutor.java:174)\r\n\tat org.openqa.selenium.remote.RemoteWebDriver.execute(RemoteWebDriver.java:518)\r\n\tat org.openqa.selenium.remote.ElementLocation$ElementFinder$2.findElement(ElementLocation.java:165)\r\n\tat org.openqa.selenium.remote.ElementLocation.findElement(ElementLocation.java:59)\r\n\tat org.openqa.selenium.remote.RemoteWebDriver.findElement(RemoteWebDriver.java:355)\r\n\tat org.openqa.selenium.remote.RemoteWebDriver.findElement(RemoteWebDriver.java:349)\r\n\tat org.openqa.selenium.support.ui.ExpectedConditions$7.apply(ExpectedConditions.java:194)\r\n\tat org.openqa.selenium.support.ui.ExpectedConditions$7.apply(ExpectedConditions.java:190)\r\n\tat org.openqa.selenium.support.ui.FluentWait.until(FluentWait.java:203)\r\n\tat com.eBanking.ui.engine.SynchronizationManager.waitForTheElementToBeVisible(SynchronizationManager.java:31)\r\n\t... 4 more\r\n"},"stage":"finished","description":"","steps":[],"attachments":[],"parameters":[],"start":1758437304205,"stop":1758437309283}